<?xml version="1.0" encoding="UTF-8"?>
<!-- Generated by org.testng.reporters.JUnitXMLReporter -->
<testsuite ignored="0" hostname="DESKTOP-LSFH7L8" failures="0" tests="6" name="Test" time="0.034" errors="0" timestamp="2021-08-30T12:55:21 EDT">
  <testcase classname="qaclickacademy.AppiumTest" name="IOSApp" time="0.004"/>
  <testcase classname="qaclickacademy.AppiumTest" name="NativeAppAndroid" time="0.001"/>
  <testcase classname="qaclickacademy.SeleniumTest" name="BrowserAutomation" time="0.0"/>
  <testcase classname="qaclickacademy.SeleniumTest" name="ElementUI" time="0.001"/>
  <testcase classname="qaclickacademy.RestAPITest" name="PostJIRa" time="0.001"/>
  <testcase classname="qaclickacademy.RestAPITest" name="delateTwitter" time="0.001"/>
</testsuite> <!-- Test -->
