<?xml version="1.0" encoding="UTF-8"?>
<!-- Generated by org.testng.reporters.JUnitXMLReporter -->
<testsuite hostname="DESKTOP-LSFH7L8" ignored="0" name="Test" tests="6" failures="0" timestamp="30 Aug 2021 17:54:13 GMT" time="0.017" errors="0">
  <testcase name="IOSApp" time="0.004" classname="qaclickacademy.AppiumTest"/>
  <testcase name="NativeAppAndroid" time="0.0" classname="qaclickacademy.AppiumTest"/>
  <testcase name="BrowserAutomation" time="0.0" classname="qaclickacademy.SeleniumTest"/>
  <testcase name="ElementUI" time="0.0" classname="qaclickacademy.SeleniumTest"/>
  <testcase name="PostJIRa" time="0.0" classname="qaclickacademy.RestAPITest"/>
  <testcase name="delateTwitter" time="0.0" classname="qaclickacademy.RestAPITest"/>
</testsuite> <!-- Test -->
