<?xml version="1.0" encoding="UTF-8"?>
<testng-results ignored="0" total="2" passed="2" failed="0" skipped="0">
  <reporter-output>
  </reporter-output>
  <suite started-at="2021-08-30T12:55:57 EDT" name="Default suite" finished-at="2021-08-30T12:55:57 EDT" duration-ms="28">
    <groups>
    </groups>
    <test started-at="2021-08-30T12:55:57 EDT" name="Default test" finished-at="2021-08-30T12:55:57 EDT" duration-ms="28">
      <class name="qaclickacademy.AppiumTest">
        <test-method signature="IOSApp()[pri:0, instance:qaclickacademy.AppiumTest@29e495ff]" started-at="2021-08-30T12:55:57 EDT" name="IOSApp" finished-at="2021-08-30T12:55:57 EDT" duration-ms="4" status="PASS">
          <reporter-output>
          </reporter-output>
        </test-method> <!-- IOSApp -->
        <test-method signature="NativeAppAndroid()[pri:0, instance:qaclickacademy.AppiumTest@29e495ff]" started-at="2021-08-30T12:55:57 EDT" name="NativeAppAndroid" finished-at="2021-08-30T12:55:57 EDT" duration-ms="1" status="PASS">
          <reporter-output>
          </reporter-output>
        </test-method> <!-- NativeAppAndroid -->
      </class> <!-- qaclickacademy.AppiumTest -->
    </test> <!-- Default test -->
  </suite> <!-- Default suite -->
</testng-results>
